2020-10-14T14:29:40.084+0800	INFO	D:/work/src/github.com/isjyi/os/middleware/logger.go:41	54 <nil>
2020-10-14T14:30:04.702+0800	INFO	D:/work/src/github.com/isjyi/os/middleware/logger.go:41	53 <nil>
2020-10-14T14:33:09.083+0800	INFO	D:/work/src/github.com/isjyi/os/middleware/logger.go:41	GET /api/v1/user/me 404     12.0005ms             ::1
2020-10-14T14:35:25.569+0800	INFO	D:/work/src/github.com/isjyi/os/middleware/logger.go:41	GET /api/v1/register 404            0s             ::1
2020-10-14T14:35:31.127+0800	INFO	D:/work/src/github.com/isjyi/os/middleware/logger.go:41	POST /api/v1/register 200      2.0004ms             ::1
2020-10-14T14:36:47.078+0800	INFO	D:/work/src/github.com/isjyi/os/middleware/logger.go:41	POST /api/v1/register 200       1.999ms             ::1
2020-10-14T14:36:48.267+0800	INFO	D:/work/src/github.com/isjyi/os/middleware/logger.go:41	POST /api/v1/register 200            0s             ::1
2020-10-14T14:37:25.591+0800	INFO	D:/work/src/github.com/isjyi/os/middleware/logger.go:41	POST /api/v1/register 200      4.0001ms             ::1
2020-10-14T14:37:26.941+0800	INFO	D:/work/src/github.com/isjyi/os/middleware/logger.go:41	POST /api/v1/register 200      1.0006ms             ::1
2020-10-14T14:39:12.913+0800	INFO	D:/work/src/github.com/isjyi/os/middleware/logger.go:41	POST /api/v1/register 200     11.9992ms             ::1
2020-10-14T14:39:18.711+0800	INFO	D:/work/src/github.com/isjyi/os/middleware/logger.go:41	POST /api/v1/register 200            0s             ::1
2020-10-14T15:01:41.850+0800	INFO	D:/work/src/github.com/isjyi/os/middleware/logger.go:41	POST /api/v1/register 200      1.0025ms             ::1
2020-10-14T15:01:57.730+0800	INFO	D:/work/src/github.com/isjyi/os/middleware/logger.go:41	POST /api/v1/register 200      2.0001ms             ::1
2020-10-14T15:02:33.753+0800	INFO	D:/work/src/github.com/isjyi/os/middleware/logger.go:41	POST /api/v1/register 200      4.9988ms             ::1
2020-10-14T15:02:41.764+0800	INFO	D:/work/src/github.com/isjyi/os/middleware/logger.go:41	POST /api/v1/register 200            0s             ::1
2020-10-14T15:02:42.672+0800	INFO	D:/work/src/github.com/isjyi/os/middleware/logger.go:41	POST /api/v1/register 200       1.001ms             ::1
2020-10-14T15:02:43.567+0800	INFO	D:/work/src/github.com/isjyi/os/middleware/logger.go:41	POST /api/v1/register 200      1.0012ms             ::1
2020-10-14T15:06:04.418+0800	INFO	D:/work/src/github.com/isjyi/os/middleware/logger.go:41	POST /api/v1/register 200      2.9984ms             ::1
2020-10-14T15:06:06.200+0800	INFO	D:/work/src/github.com/isjyi/os/middleware/logger.go:41	POST /api/v1/register 200            0s             ::1
2020-10-14T15:06:07.121+0800	INFO	D:/work/src/github.com/isjyi/os/middleware/logger.go:41	POST /api/v1/register 200            0s             ::1
2020-10-14T15:06:07.737+0800	INFO	D:/work/src/github.com/isjyi/os/middleware/logger.go:41	POST /api/v1/register 200            0s             ::1
2020-10-14T15:06:08.429+0800	INFO	D:/work/src/github.com/isjyi/os/middleware/logger.go:41	POST /api/v1/register 200            0s             ::1
2020-10-14T15:06:59.223+0800	INFO	D:/work/src/github.com/isjyi/os/middleware/logger.go:41	POST /api/v1/register 200      2.9996ms             ::1
2020-10-14T15:13:32.833+0800	INFO	D:/work/src/github.com/isjyi/os/middleware/logger.go:41	GET /swagger/index.html 200      2.0015ms             ::1
2020-10-14T15:13:32.877+0800	INFO	D:/work/src/github.com/isjyi/os/middleware/logger.go:41	GET /swagger/swagger-ui.css 200            0s             ::1
2020-10-14T15:13:32.889+0800	INFO	D:/work/src/github.com/isjyi/os/middleware/logger.go:41	GET /swagger/swagger-ui-bundle.js 200      4.0001ms             ::1
2020-10-14T15:13:32.891+0800	INFO	D:/work/src/github.com/isjyi/os/middleware/logger.go:41	GET /swagger/swagger-ui-standalone-preset.js 200       998.9µs             ::1
2020-10-14T15:13:33.244+0800	INFO	D:/work/src/github.com/isjyi/os/middleware/logger.go:41	GET /static/docs/swagger.json 200      1.0002ms             ::1
2020-10-14T15:13:33.519+0800	INFO	D:/work/src/github.com/isjyi/os/middleware/logger.go:41	GET /swagger/favicon-32x32.png 200            0s             ::1
2020-10-14T15:14:35.864+0800	INFO	D:/work/src/github.com/isjyi/os/middleware/logger.go:41	POST /login 404            0s             ::1
2020-10-14T15:15:59.528+0800	INFO	D:/work/src/github.com/isjyi/os/middleware/logger.go:41	GET /swagger/index.html 200      2.9993ms             ::1
2020-10-14T15:15:59.579+0800	INFO	D:/work/src/github.com/isjyi/os/middleware/logger.go:41	GET /swagger/swagger-ui.css 200       3.998ms             ::1
2020-10-14T15:15:59.582+0800	INFO	D:/work/src/github.com/isjyi/os/middleware/logger.go:41	GET /swagger/swagger-ui-standalone-preset.js 200      1.0018ms             ::1
2020-10-14T15:15:59.585+0800	INFO	D:/work/src/github.com/isjyi/os/middleware/logger.go:41	GET /swagger/swagger-ui-bundle.js 200      2.9991ms             ::1
2020-10-14T15:15:59.941+0800	INFO	D:/work/src/github.com/isjyi/os/middleware/logger.go:41	GET /static/docs/swagger.json 200            0s             ::1
2020-10-14T15:15:59.971+0800	INFO	D:/work/src/github.com/isjyi/os/middleware/logger.go:41	GET /swagger/favicon-32x32.png 200            0s             ::1
2020-10-14T15:16:05.485+0800	INFO	D:/work/src/github.com/isjyi/os/middleware/logger.go:41	POST /api/v1/login 404            0s             ::1
2020-10-14T15:16:27.043+0800	INFO	D:/work/src/github.com/isjyi/os/middleware/logger.go:41	POST /api/v1/register 200            0s             ::1
2020-10-14T17:00:38.089+0800	INFO	D:/work/src/github.com/isjyi/os/middleware/logger.go:41	GET /swagger/index.html 200      1.0002ms             ::1
2020-10-14T17:00:38.165+0800	INFO	D:/work/src/github.com/isjyi/os/middleware/logger.go:41	GET /swagger/swagger-ui-bundle.js 200      2.9997ms             ::1
2020-10-14T17:00:38.185+0800	INFO	D:/work/src/github.com/isjyi/os/middleware/logger.go:41	GET /swagger/swagger-ui.css 200            0s             ::1
2020-10-14T17:00:38.189+0800	INFO	D:/work/src/github.com/isjyi/os/middleware/logger.go:41	GET /swagger/swagger-ui-standalone-preset.js 200      2.0016ms             ::1
2020-10-14T17:00:38.507+0800	INFO	D:/work/src/github.com/isjyi/os/middleware/logger.go:41	GET /static/docs/swagger.json 200      1.0012ms             ::1
2020-10-14T17:00:38.547+0800	INFO	D:/work/src/github.com/isjyi/os/middleware/logger.go:41	GET /swagger/favicon-32x32.png 200            0s             ::1
2020-10-14T17:00:43.843+0800	INFO	D:/work/src/github.com/isjyi/os/middleware/logger.go:41	GET /api/v1/captcha 200      3.0004ms             ::1
2020-10-14T17:03:55.278+0800	INFO	D:/work/src/github.com/isjyi/os/middleware/logger.go:41	GET /api/v1/captcha 200    100.9988ms             ::1
2020-10-14T18:26:39.354+0800	INFO	D:/work/src/github.com/isjyi/os/middleware/logger.go:41	GET /api/v1/captcha 200      4.0007ms             ::1
2020-10-14T18:27:23.578+0800	INFO	D:/work/src/github.com/isjyi/os/middleware/logger.go:41	POST /api/v1/register 200            0s             ::1
2020-10-14T18:28:12.362+0800	INFO	D:/work/src/github.com/isjyi/os/middleware/logger.go:41	POST /api/v1/register 200      4.0004ms             ::1
2020-10-14T18:28:28.629+0800	INFO	D:/work/src/github.com/isjyi/os/middleware/logger.go:41	GET /api/v1/captcha 200      4.0012ms             ::1
2020-10-14T18:28:56.236+0800	INFO	D:/work/src/github.com/isjyi/os/middleware/logger.go:41	POST /api/v1/register 200       998.4µs             ::1
2020-10-14T18:29:49.176+0800	INFO	D:/work/src/github.com/isjyi/os/middleware/logger.go:41	POST /api/v1/register 200      1.0016ms             ::1
2020-10-14T18:32:13.029+0800	INFO	D:/work/src/github.com/isjyi/os/middleware/logger.go:41	POST /api/v1/register 200      3.9995ms             ::1
2020-10-14T18:34:25.387+0800	INFO	D:/work/src/github.com/isjyi/os/middleware/logger.go:41	POST /api/v1/register 200      32.998ms             ::1
2020-10-14T18:38:25.714+0800	INFO	D:/work/src/github.com/isjyi/os/middleware/logger.go:41	POST /api/v1/register 200    419.0006ms             ::1
2020-10-14T18:41:03.307+0800	INFO	D:/work/src/github.com/isjyi/os/middleware/logger.go:41	POST /api/v1/register 200    387.0006ms             ::1
2020-10-14T18:42:11.009+0800	INFO	D:/work/src/github.com/isjyi/os/middleware/logger.go:41	POST /api/v1/register 200    385.9994ms             ::1
2020-10-14T18:42:37.581+0800	INFO	D:/work/src/github.com/isjyi/os/middleware/logger.go:41	POST /api/v1/register 200    399.9995ms             ::1
2020-10-15T10:41:10.407+0800	INFO	D:/work/src/github.com/isjyi/os/middleware/logger.go:41	GET /api/v1/captcha 200      7.0007ms             ::1
2020-10-15T10:41:31.858+0800	INFO	D:/work/src/github.com/isjyi/os/middleware/logger.go:41	POST /api/v1/register 200    360.9952ms             ::1
2020-10-15T10:43:26.240+0800	INFO	D:/work/src/github.com/isjyi/os/middleware/logger.go:41	POST /api/v1/register 200    358.9995ms             ::1
2020-10-15T10:43:33.018+0800	INFO	D:/work/src/github.com/isjyi/os/middleware/logger.go:41	POST /api/v1/register 200       998.9µs             ::1
2020-10-15T10:46:57.917+0800	INFO	D:/work/src/github.com/isjyi/os/middleware/logger.go:41	POST /api/v1/register 200    367.9994ms             ::1
2020-10-15T11:50:01.364+0800	INFO	D:/work/src/github.com/isjyi/os/middleware/logger.go:41	POST /api/v1/register 200    389.9996ms             ::1
2020-10-15T11:53:07.194+0800	INFO	D:/work/src/github.com/isjyi/os/middleware/logger.go:41	POST /api/v1/register 200    403.0001ms             ::1
2020-10-15T12:03:25.809+0800	INFO	D:/work/src/github.com/isjyi/os/middleware/logger.go:41	POST /api/v1/register 200    451.0013ms             ::1
2020-10-15T12:05:03.310+0800	INFO	D:/work/src/github.com/isjyi/os/middleware/logger.go:41	POST /api/v1/register 200    410.0018ms             ::1
2020-10-15T12:06:00.274+0800	INFO	D:/work/src/github.com/isjyi/os/middleware/logger.go:41	POST /api/v1/register 200    427.0008ms             ::1
2020-10-15T12:06:08.820+0800	INFO	D:/work/src/github.com/isjyi/os/middleware/logger.go:41	POST /api/v1/register 200           2ms             ::1
2020-10-17T14:06:02.626+0800	INFO	D:/work/src/github.com/isjyi/os/middleware/logger.go:41	GET /swagger/index.html 200      8.0012ms             ::1
2020-10-17T14:06:02.680+0800	INFO	D:/work/src/github.com/isjyi/os/middleware/logger.go:41	GET /swagger/swagger-ui.css 200      1.0007ms             ::1
2020-10-17T14:06:02.696+0800	INFO	D:/work/src/github.com/isjyi/os/middleware/logger.go:41	GET /swagger/swagger-ui-bundle.js 200      3.9998ms             ::1
2020-10-17T14:06:02.714+0800	INFO	D:/work/src/github.com/isjyi/os/middleware/logger.go:41	GET /swagger/swagger-ui-standalone-preset.js 200     14.0016ms             ::1
2020-10-17T14:06:03.032+0800	INFO	D:/work/src/github.com/isjyi/os/middleware/logger.go:41	GET /static/docs/swagger.json 200      1.0012ms             ::1
2020-10-17T14:06:03.061+0800	INFO	D:/work/src/github.com/isjyi/os/middleware/logger.go:41	GET /swagger/favicon-32x32.png 200            0s             ::1
2020-10-17T14:06:33.848+0800	INFO	D:/work/src/github.com/isjyi/os/middleware/logger.go:41	POST /api/v1/login 200      1.0008ms             ::1
2020-10-17T14:09:43.768+0800	INFO	D:/work/src/github.com/isjyi/os/middleware/logger.go:41	POST /api/v1/login 200      1.9976ms             ::1
2020-10-17T14:14:15.220+0800	INFO	D:/work/src/github.com/isjyi/os/middleware/logger.go:41	POST /api/v1/login 200      3.9998ms             ::1
2020-10-17T14:14:53.024+0800	INFO	D:/work/src/github.com/isjyi/os/middleware/logger.go:41	POST /api/v1/login 200      17.003ms             ::1
2020-10-17T14:15:09.902+0800	INFO	D:/work/src/github.com/isjyi/os/middleware/logger.go:41	POST /api/v1/login 200      3.9989ms             ::1
2020-10-17T14:50:16.540+0800	INFO	D:/work/src/github.com/isjyi/os/middleware/logger.go:41	POST /api/v1/register 200    386.9978ms             ::1
2020-10-17T14:50:21.002+0800	INFO	D:/work/src/github.com/isjyi/os/middleware/logger.go:41	POST /api/v1/login 200    404.0003ms             ::1
2020-10-19T13:43:29.724+0800	INFO	D:/work/src/github.com/isjyi/os/middleware/logger.go:41	POST /api/v1/register 200     10.0003ms             ::1
2020-10-19T13:44:02.966+0800	INFO	D:/work/src/github.com/isjyi/os/middleware/logger.go:41	POST /api/v1/login 200    521.9986ms             ::1
2020-10-19T14:37:01.015+0800	INFO	D:/work/src/github.com/isjyi/os/middleware/logger.go:41	POST /api/v1/logout 404            0s             ::1
2020-10-19T15:03:50.414+0800	INFO	D:/work/src/github.com/isjyi/os/middleware/logger.go:41	POST /api/v1/logout 200      1.0021ms             ::1
2020-10-19T15:48:18.072+0800	INFO	D:/work/src/github.com/isjyi/os/middleware/logger.go:41	GET /swagger/index.html 200      4.9997ms             ::1
2020-10-19T15:48:18.155+0800	INFO	D:/work/src/github.com/isjyi/os/middleware/logger.go:41	GET /swagger/swagger-ui.css 200     11.9999ms             ::1
2020-10-19T15:48:18.170+0800	INFO	D:/work/src/github.com/isjyi/os/middleware/logger.go:41	GET /swagger/swagger-ui-standalone-preset.js 200      12.001ms             ::1
2020-10-19T15:48:18.195+0800	INFO	D:/work/src/github.com/isjyi/os/middleware/logger.go:41	GET /swagger/swagger-ui-bundle.js 200     37.0002ms             ::1
2020-10-19T15:48:18.515+0800	INFO	D:/work/src/github.com/isjyi/os/middleware/logger.go:41	GET /static/docs/swagger.json 200     10.9997ms             ::1
2020-10-19T15:48:18.553+0800	INFO	D:/work/src/github.com/isjyi/os/middleware/logger.go:41	GET /swagger/favicon-32x32.png 200            0s             ::1
2020-10-19T15:48:26.416+0800	INFO	D:/work/src/github.com/isjyi/os/middleware/logger.go:41	GET /swagger/index.html 200            0s             ::1
2020-10-19T15:48:26.482+0800	INFO	D:/work/src/github.com/isjyi/os/middleware/logger.go:41	GET /swagger/swagger-ui-bundle.js 200      15.997ms             ::1
2020-10-19T15:48:26.483+0800	INFO	D:/work/src/github.com/isjyi/os/middleware/logger.go:41	GET /swagger/swagger-ui.css 200            0s             ::1
2020-10-19T15:48:26.484+0800	INFO	D:/work/src/github.com/isjyi/os/middleware/logger.go:41	GET /swagger/swagger-ui-standalone-preset.js 200      1.0021ms             ::1
2020-10-19T15:48:26.656+0800	INFO	D:/work/src/github.com/isjyi/os/middleware/logger.go:41	GET /static/docs/swagger.json 200            0s             ::1
2020-10-19T15:48:26.689+0800	INFO	D:/work/src/github.com/isjyi/os/middleware/logger.go:41	GET /swagger/favicon-32x32.png 200            0s             ::1
2020-10-19T15:49:27.072+0800	INFO	D:/work/src/github.com/isjyi/os/middleware/logger.go:41	GET /swagger/index.html 200            0s             ::1
2020-10-19T15:49:27.132+0800	INFO	D:/work/src/github.com/isjyi/os/middleware/logger.go:41	GET /swagger/swagger-ui-standalone-preset.js 200      8.9999ms             ::1
2020-10-19T15:49:27.138+0800	INFO	D:/work/src/github.com/isjyi/os/middleware/logger.go:41	GET /swagger/swagger-ui.css 200       1.001ms             ::1
2020-10-19T15:49:27.139+0800	INFO	D:/work/src/github.com/isjyi/os/middleware/logger.go:41	GET /swagger/swagger-ui-bundle.js 200      5.9994ms             ::1
2020-10-19T15:49:27.521+0800	INFO	D:/work/src/github.com/isjyi/os/middleware/logger.go:41	GET /static/docs/swagger.json 200            0s             ::1
2020-10-19T15:49:27.591+0800	INFO	D:/work/src/github.com/isjyi/os/middleware/logger.go:41	GET /swagger/favicon-32x32.png 200            0s             ::1
2020-10-19T15:51:04.824+0800	INFO	D:/work/src/github.com/isjyi/os/middleware/logger.go:41	GET /swagger/index.html 200            0s             ::1
2020-10-19T15:51:04.886+0800	INFO	D:/work/src/github.com/isjyi/os/middleware/logger.go:41	GET /swagger/swagger-ui-standalone-preset.js 200      2.9998ms             ::1
2020-10-19T15:51:04.896+0800	INFO	D:/work/src/github.com/isjyi/os/middleware/logger.go:41	GET /swagger/swagger-ui-bundle.js 200      3.9995ms             ::1
2020-10-19T15:51:04.896+0800	INFO	D:/work/src/github.com/isjyi/os/middleware/logger.go:41	GET /swagger/swagger-ui.css 200            0s             ::1
2020-10-19T15:51:05.298+0800	INFO	D:/work/src/github.com/isjyi/os/middleware/logger.go:41	GET /static/docs/swagger.json 200            0s             ::1
2020-10-19T15:51:05.349+0800	INFO	D:/work/src/github.com/isjyi/os/middleware/logger.go:41	GET /swagger/favicon-32x32.png 200            0s             ::1
2020-10-19T15:51:11.103+0800	INFO	D:/work/src/github.com/isjyi/os/middleware/logger.go:41	POST /api/v1/api/v1/login 404            0s             ::1
2020-10-19T15:52:25.968+0800	INFO	D:/work/src/github.com/isjyi/os/middleware/logger.go:41	GET /swagger/index.html 200            0s             ::1
2020-10-19T15:52:26.045+0800	INFO	D:/work/src/github.com/isjyi/os/middleware/logger.go:41	GET /swagger/swagger-ui-standalone-preset.js 200      4.0007ms             ::1
2020-10-19T15:52:26.060+0800	INFO	D:/work/src/github.com/isjyi/os/middleware/logger.go:41	GET /swagger/swagger-ui-bundle.js 200      3.9988ms             ::1
2020-10-19T15:52:26.062+0800	INFO	D:/work/src/github.com/isjyi/os/middleware/logger.go:41	GET /swagger/swagger-ui.css 200      1.9994ms             ::1
2020-10-19T15:52:26.461+0800	INFO	D:/work/src/github.com/isjyi/os/middleware/logger.go:41	GET /static/docs/swagger.json 200            0s             ::1
2020-10-19T15:52:26.558+0800	INFO	D:/work/src/github.com/isjyi/os/middleware/logger.go:41	GET /swagger/favicon-32x32.png 200            0s             ::1
2020-10-19T15:52:44.814+0800	INFO	D:/work/src/github.com/isjyi/os/middleware/logger.go:41	POST /api/v1/login 200    436.9991ms             ::1
2020-10-19T15:53:07.451+0800	INFO	D:/work/src/github.com/isjyi/os/middleware/logger.go:41	GET /api/v1/role 200            0s             ::1
2020-10-19T15:53:09.168+0800	INFO	D:/work/src/github.com/isjyi/os/middleware/logger.go:41	GET /api/v1/role 200            0s             ::1
2020-10-19T15:53:09.863+0800	INFO	D:/work/src/github.com/isjyi/os/middleware/logger.go:41	GET /api/v1/role 200            0s             ::1
2020-10-19T15:55:15.723+0800	INFO	D:/work/src/github.com/isjyi/os/middleware/logger.go:41	GET /swagger/index.html 200            0s             ::1
2020-10-19T15:55:15.789+0800	INFO	D:/work/src/github.com/isjyi/os/middleware/logger.go:41	GET /swagger/swagger-ui-standalone-preset.js 200            0s             ::1
2020-10-19T15:55:15.808+0800	INFO	D:/work/src/github.com/isjyi/os/middleware/logger.go:41	GET /swagger/swagger-ui.css 200      7.0001ms             ::1
2020-10-19T15:55:15.812+0800	INFO	D:/work/src/github.com/isjyi/os/middleware/logger.go:41	GET /swagger/swagger-ui-bundle.js 200     10.9996ms             ::1
2020-10-19T15:55:16.232+0800	INFO	D:/work/src/github.com/isjyi/os/middleware/logger.go:41	GET /static/docs/swagger.json 200      1.0003ms             ::1
2020-10-19T15:55:16.277+0800	INFO	D:/work/src/github.com/isjyi/os/middleware/logger.go:41	GET /swagger/favicon-32x32.png 200            0s             ::1
2020-10-19T15:55:22.831+0800	INFO	D:/work/src/github.com/isjyi/os/middleware/logger.go:41	POST /api/v1/login 200    543.0001ms             ::1
2020-10-19T15:55:39.108+0800	INFO	D:/work/src/github.com/isjyi/os/middleware/logger.go:41	GET /api/v1/role 200            0s             ::1
2020-10-19T15:56:35.678+0800	INFO	D:/work/src/github.com/isjyi/os/middleware/logger.go:41	POST /api/v1/role 404      1.9994ms             ::1
2020-10-19T15:56:39.026+0800	INFO	D:/work/src/github.com/isjyi/os/middleware/logger.go:41	GET /api/v1/role 200            0s             ::1
2020-10-19T15:57:11.077+0800	INFO	D:/work/src/github.com/isjyi/os/middleware/logger.go:41	GET /api/v1/role 200     32.0021ms             ::1
2020-10-19T15:57:41.263+0800	INFO	D:/work/src/github.com/isjyi/os/middleware/logger.go:41	GET /api/v1/role 200      2.0004ms             ::1
2020-10-19T15:58:19.362+0800	INFO	D:/work/src/github.com/isjyi/os/middleware/logger.go:41	GET /api/v1/role 200     19.9989ms             ::1
2020-10-19T15:58:55.950+0800	INFO	D:/work/src/github.com/isjyi/os/middleware/logger.go:41	GET /api/v1/role 200     17.9997ms             ::1
2020-10-19T16:00:06.363+0800	INFO	D:/work/src/github.com/isjyi/os/middleware/logger.go:41	GET /api/v1/role 200     25.9986ms             ::1
2020-10-19T16:00:57.373+0800	INFO	D:/work/src/github.com/isjyi/os/middleware/logger.go:41	GET /api/v1/role 200     28.0124ms             ::1
2020-10-19T16:01:31.185+0800	INFO	D:/work/src/github.com/isjyi/os/middleware/logger.go:41	GET /api/v1/role 200     22.9995ms             ::1
2020-10-19T16:03:29.856+0800	INFO	D:/work/src/github.com/isjyi/os/middleware/logger.go:41	GET /api/v1/role 200      15.986ms             ::1
2020-10-19T16:05:49.418+0800	INFO	D:/work/src/github.com/isjyi/os/middleware/logger.go:41	GET /api/v1/role 200     31.9971ms             ::1
2020-10-19T16:07:40.441+0800	INFO	D:/work/src/github.com/isjyi/os/middleware/logger.go:41	GET /api/v1/role 200     24.9991ms             ::1
2020-10-19T16:08:38.324+0800	INFO	D:/work/src/github.com/isjyi/os/middleware/logger.go:41	GET /api/v1/role 200     26.9993ms             ::1
2020-10-19T16:09:12.310+0800	INFO	D:/work/src/github.com/isjyi/os/middleware/logger.go:41	GET /api/v1/role 200     31.9995ms             ::1
2020-10-19T16:09:30.847+0800	INFO	D:/work/src/github.com/isjyi/os/middleware/logger.go:41	GET /api/v1/role 200     35.9992ms             ::1
2020-10-19T16:09:58.055+0800	INFO	D:/work/src/github.com/isjyi/os/middleware/logger.go:41	GET /api/v1/role 200     37.9995ms             ::1
2020-10-19T16:10:26.313+0800	INFO	D:/work/src/github.com/isjyi/os/middleware/logger.go:41	POST /api/v1/login 200    437.0032ms             ::1
2020-10-19T16:11:10.337+0800	INFO	D:/work/src/github.com/isjyi/os/middleware/logger.go:41	GET /api/v1/role 200     33.9995ms             ::1
2020-10-19T16:11:17.594+0800	INFO	D:/work/src/github.com/isjyi/os/middleware/logger.go:41	GET /api/v1/role 200     41.9974ms             ::1
2020-10-19T16:13:32.990+0800	INFO	D:/work/src/github.com/isjyi/os/middleware/logger.go:41	GET /api/v1/role 200      37.001ms             ::1
2020-10-19T16:15:12.988+0800	INFO	D:/work/src/github.com/isjyi/os/middleware/logger.go:41	GET /api/v1/role 200     32.9986ms             ::1
2020-10-19T16:18:44.562+0800	INFO	D:/work/src/github.com/isjyi/os/middleware/logger.go:41	GET /api/v1/role 200      3.9982ms             ::1
2020-10-19T16:27:21.981+0800	INFO	D:/work/src/github.com/isjyi/os/middleware/logger.go:41	GET /swagger/index.html 200       998.8µs             ::1
2020-10-19T16:27:22.057+0800	INFO	D:/work/src/github.com/isjyi/os/middleware/logger.go:41	GET /swagger/swagger-ui.css 200            0s             ::1
2020-10-19T16:27:22.062+0800	INFO	D:/work/src/github.com/isjyi/os/middleware/logger.go:41	GET /swagger/swagger-ui-bundle.js 200      4.9992ms             ::1
2020-10-19T16:27:22.063+0800	INFO	D:/work/src/github.com/isjyi/os/middleware/logger.go:41	GET /swagger/swagger-ui-standalone-preset.js 200            0s             ::1
2020-10-19T16:27:22.478+0800	INFO	D:/work/src/github.com/isjyi/os/middleware/logger.go:41	GET /static/docs/swagger.json 200       999.6µs             ::1
2020-10-19T16:27:22.550+0800	INFO	D:/work/src/github.com/isjyi/os/middleware/logger.go:41	GET /swagger/favicon-32x32.png 200      1.0007ms             ::1
2020-10-19T16:27:43.875+0800	INFO	D:/work/src/github.com/isjyi/os/middleware/logger.go:41	GET /swagger/index.html 200            0s             ::1
2020-10-19T16:27:43.940+0800	INFO	D:/work/src/github.com/isjyi/os/middleware/logger.go:41	GET /swagger/swagger-ui-standalone-preset.js 200      2.9986ms             ::1
2020-10-19T16:27:43.958+0800	INFO	D:/work/src/github.com/isjyi/os/middleware/logger.go:41	GET /swagger/swagger-ui.css 200      3.9998ms             ::1
2020-10-19T16:27:43.971+0800	INFO	D:/work/src/github.com/isjyi/os/middleware/logger.go:41	GET /swagger/swagger-ui-bundle.js 200     24.9985ms             ::1
2020-10-19T16:27:44.324+0800	INFO	D:/work/src/github.com/isjyi/os/middleware/logger.go:41	GET /static/docs/swagger.json 200       999.2µs             ::1
2020-10-19T16:27:44.389+0800	INFO	D:/work/src/github.com/isjyi/os/middleware/logger.go:41	GET /swagger/favicon-32x32.png 200            0s             ::1
2020-10-19T16:34:20.744+0800	INFO	D:/work/src/github.com/isjyi/os/middleware/logger.go:41	POST /api/v1/login 200    371.0199ms             ::1
2020-10-19T16:39:32.659+0800	INFO	D:/work/src/github.com/isjyi/os/middleware/logger.go:41	GET /swagger/index.html 200            0s             ::1
2020-10-19T16:39:32.722+0800	INFO	D:/work/src/github.com/isjyi/os/middleware/logger.go:41	GET /swagger/swagger-ui.css 200      8.9989ms             ::1
2020-10-19T16:39:32.729+0800	INFO	D:/work/src/github.com/isjyi/os/middleware/logger.go:41	GET /swagger/swagger-ui-bundle.js 200      5.0018ms             ::1
2020-10-19T16:39:32.732+0800	INFO	D:/work/src/github.com/isjyi/os/middleware/logger.go:41	GET /swagger/swagger-ui-standalone-preset.js 200      1.9984ms             ::1
2020-10-19T16:39:33.107+0800	INFO	D:/work/src/github.com/isjyi/os/middleware/logger.go:41	GET /static/docs/swagger.json 200            0s             ::1
2020-10-19T16:39:33.173+0800	INFO	D:/work/src/github.com/isjyi/os/middleware/logger.go:41	GET /swagger/favicon-32x32.png 200            0s             ::1
2020-10-19T16:39:44.195+0800	INFO	D:/work/src/github.com/isjyi/os/middleware/logger.go:41	GET /swagger/index.html 200            0s             ::1
2020-10-19T16:39:44.246+0800	INFO	D:/work/src/github.com/isjyi/os/middleware/logger.go:41	GET /swagger/swagger-ui-bundle.js 200      5.9997ms             ::1
2020-10-19T16:39:44.246+0800	INFO	D:/work/src/github.com/isjyi/os/middleware/logger.go:41	GET /swagger/swagger-ui.css 200            0s             ::1
2020-10-19T16:39:44.247+0800	INFO	D:/work/src/github.com/isjyi/os/middleware/logger.go:41	GET /swagger/swagger-ui-standalone-preset.js 200           1ms             ::1
2020-10-19T16:39:44.571+0800	INFO	D:/work/src/github.com/isjyi/os/middleware/logger.go:41	GET /static/docs/swagger.json 200      1.0003ms             ::1
2020-10-19T16:39:44.613+0800	INFO	D:/work/src/github.com/isjyi/os/middleware/logger.go:41	GET /swagger/favicon-32x32.png 200            0s             ::1
2020-10-19T18:18:05.394+0800	INFO	D:/work/src/github.com/isjyi/os/middleware/logger.go:41	GET /swagger/index.html 200            0s             ::1
2020-10-19T18:18:05.964+0800	INFO	D:/work/src/github.com/isjyi/os/middleware/logger.go:41	GET /swagger/swagger-ui.css 200            0s             ::1
2020-10-19T18:18:06.029+0800	INFO	D:/work/src/github.com/isjyi/os/middleware/logger.go:41	GET /swagger/swagger-ui-bundle.js 200      2.0017ms             ::1
2020-10-19T18:18:07.926+0800	INFO	D:/work/src/github.com/isjyi/os/middleware/logger.go:41	GET /swagger/swagger-ui-standalone-preset.js 200      1.9997ms             ::1
2020-10-19T18:18:12.480+0800	INFO	D:/work/src/github.com/isjyi/os/middleware/logger.go:41	GET /static/docs/swagger.json 200            0s             ::1
2020-10-21T16:58:24.313+0800	INFO	D:/work/src/github.com/isjyi/os/middleware/logger.go:41	GET /api/v1/setting 404            0s       127.0.0.1
2020-10-21T16:58:24.313+0800	INFO	D:/work/src/github.com/isjyi/os/middleware/logger.go:41	GET /api/v1/getCaptcha 404            0s       127.0.0.1
2020-10-21T16:58:32.254+0800	INFO	D:/work/src/github.com/isjyi/os/middleware/logger.go:41	GET /api/v1/getCaptcha 404            0s       127.0.0.1
2020-10-21T16:58:32.255+0800	INFO	D:/work/src/github.com/isjyi/os/middleware/logger.go:41	GET /api/v1/setting 404            0s       127.0.0.1
2020-10-22T11:28:17.650+0800	INFO	D:/work/src/github.com/isjyi/os/middleware/logger.go:41	GET /api/v1/getCaptcha 404            0s       127.0.0.1
2020-10-22T11:28:17.653+0800	INFO	D:/work/src/github.com/isjyi/os/middleware/logger.go:41	GET /api/v1/setting 404            0s       127.0.0.1
2020-10-22T11:28:30.426+0800	INFO	D:/work/src/github.com/isjyi/os/middleware/logger.go:41	GET /api/v1/getCaptcha 404            0s       127.0.0.1
2020-10-22T11:28:30.435+0800	INFO	D:/work/src/github.com/isjyi/os/middleware/logger.go:41	GET /api/v1/setting 404            0s       127.0.0.1
2020-10-22T18:47:48.743+0800	INFO	D:/work/src/github.com/isjyi/os/middleware/logger.go:41	GET /swagger/index.html 200           3ms             ::1
2020-10-22T18:47:48.829+0800	INFO	D:/work/src/github.com/isjyi/os/middleware/logger.go:41	GET /swagger/swagger-ui.css 200       996.5µs             ::1
2020-10-22T18:47:48.840+0800	INFO	D:/work/src/github.com/isjyi/os/middleware/logger.go:41	GET /swagger/swagger-ui-standalone-preset.js 200      2.0001ms             ::1
2020-10-22T18:47:48.844+0800	INFO	D:/work/src/github.com/isjyi/os/middleware/logger.go:41	GET /swagger/swagger-ui-bundle.js 200      7.9994ms             ::1
2020-10-22T18:47:49.169+0800	INFO	D:/work/src/github.com/isjyi/os/middleware/logger.go:41	GET /static/docs/swagger.json 200            0s             ::1
2020-10-22T18:48:07.815+0800	INFO	D:/work/src/github.com/isjyi/os/middleware/logger.go:41	POST /api/v1/register 200    390.0004ms             ::1
